<?xml version="1.0" encoding="UTF-8"?>
<!-- Generated by org.testng.reporters.JUnitXMLReporter -->
<testsuite hostname="KT-MAC-141.local" ignored="2" name="Default test" tests="1" failures="0" timestamp="12 Jan 2019 09:04:43 GMT" time="25.825" errors="0">
  <testcase name="c_images" time="15.381" classname="testClasses.Property_Detail_Test"/>
  <testcase name="a_basicdetails" time="0.0" classname="testClasses.Property_Detail_Test">
    <ignored/>
  </testcase> <!-- a_basicdetails -->
  <testcase name="b_ElementsCheck" time="0.0" classname="testClasses.Property_Detail_Test">
    <ignored/>
  </testcase> <!-- b_ElementsCheck -->
</testsuite> <!-- Default test -->
