<?xml version="1.0" encoding="UTF-8"?>
<!-- Generated by org.testng.reporters.JUnitXMLReporter -->
<testsuite hostname="KT-MAC-141.local" ignored="5" name="Default test" tests="1" failures="0" timestamp="18 Jan 2019 13:51:44 GMT" time="22.558" errors="0">
  <testcase name="f_similarfinal" time="7.219" classname="testClasses.Property_Detail_Test"/>
  <testcase name="d_imageurl" time="0.0" classname="testClasses.Property_Detail_Test">
    <ignored/>
  </testcase> <!-- d_imageurl -->
  <testcase name="e_slider" time="0.0" classname="testClasses.Property_Detail_Test">
    <ignored/>
  </testcase> <!-- e_slider -->
  <testcase name="a_basicdetails" time="0.0" classname="testClasses.Property_Detail_Test">
    <ignored/>
  </testcase> <!-- a_basicdetails -->
  <testcase name="c_imagestext" time="0.0" classname="testClasses.Property_Detail_Test">
    <ignored/>
  </testcase> <!-- c_imagestext -->
  <testcase name="b_ElementsCheck" time="0.0" classname="testClasses.Property_Detail_Test">
    <ignored/>
  </testcase> <!-- b_ElementsCheck -->
</testsuite> <!-- Default test -->
