<?xml version="1.0" encoding="UTF-8"?>
<!-- Generated by org.testng.reporters.JUnitXMLReporter -->
<testsuite hostname="KT-MAC-141.local" ignored="0" name="Test" tests="9" failures="0" timestamp="02 Jan 2019 06:31:12 GMT" time="358.218" errors="0">
  <testcase name="a_elementscheck" time="12.906" classname="testClasses.Registration_Test"/>
  <testcase name="b_register" time="56.756" classname="testClasses.Registration_Test"/>
  <testcase name="c_verify" time="32.078" classname="testClasses.Registration_Test"/>
  <testcase name="a_elementsCheck" time="6.595" classname="testClasses.Login_Test"/>
  <testcase name="b_buttonCheck" time="16.224" classname="testClasses.Login_Test"/>
  <testcase name="c_cancel" time="4.409" classname="testClasses.Login_Test"/>
  <testcase name="d_invalid" time="4.727" classname="testClasses.Login_Test"/>
  <testcase name="e_forgot" time="38.656" classname="testClasses.Login_Test"/>
  <testcase name="f_reset" time="98.944" classname="testClasses.Login_Test"/>
</testsuite> <!-- Test -->
